<?xml version="1.0" encoding="UTF-8"?>
<!-- Generated by org.testng.reporters.JUnitXMLReporter -->
<testsuite ignored="0" hostname="Kappus-MBP.lan" failures="0" tests="7" name="CRM Testcases" time="61.99" errors="0" timestamp="2024-04-30T11:52:08 BST">
  <testcase classname="com.crm.qa.testcases.LoginPageTest" name="loginPageTitleTest" time="0.006"/>
  <testcase classname="com.crm.qa.testcases.LoginPageTest" name="loginTest" time="0.369"/>
  <testcase classname="com.crm.qa.testcases.HomePageTest" name="verifyUserNameTest" time="1.117"/>
  <testcase classname="com.crm.qa.testcases.HomePageTest" name="verifyConactsLinkPageTest" time="1.13"/>
  <testcase classname="com.crm.qa.testcases.ContactsPageTest" name="validateCreateNewContactTest" time="1.113"/>
  <testcase classname="com.crm.qa.testcases.ContactsPageTest" name="validateCreateNewContactTest" time="1.08"/>
  <testcase classname="com.crm.qa.testcases.ContactsPageTest" name="validateCreateNewContactTest" time="1.086"/>
</testsuite> <!-- CRM Testcases -->
